<?xml version="1.0" encoding="UTF-8"?>
<testng-results ignored="0" total="7" passed="6" failed="1" skipped="0">
  <reporter-output>
  </reporter-output>
  <suite started-at="2025-01-13T15:34:20 IST" name="Suite" finished-at="2025-01-13T15:41:36 IST" duration-ms="436346">
    <groups>
    </groups>
    <test started-at="2025-01-13T15:34:20 IST" name="Test" finished-at="2025-01-13T15:41:36 IST" duration-ms="436346">
      <class name="com.nickelfox.testcases.Industries_Page_Test">
        <test-method is-config="true" signature="beforeMethod()[pri:0, instance:com.nickelfox.testcases.Industries_Page_Test@169e6180]" started-at="2025-01-13T15:39:45 IST" name="beforeMethod" finished-at="2025-01-13T15:40:05 IST" duration-ms="19543" status="PASS">
          <reporter-output>
          </reporter-output>
        </test-method> <!-- beforeMethod -->
        <test-method signature="go_contact_page()[pri:1, instance:com.nickelfox.testcases.Industries_Page_Test@169e6180]" started-at="2025-01-13T15:40:05 IST" name="go_contact_page" finished-at="2025-01-13T15:40:58 IST" duration-ms="52676" status="PASS">
          <reporter-output>
          </reporter-output>
        </test-method> <!-- go_contact_page -->
        <test-method is-config="true" signature="tearDown(org.testng.ITestResult)[pri:0, instance:com.nickelfox.testcases.Industries_Page_Test@169e6180]" started-at="2025-01-13T15:40:58 IST" name="tearDown" finished-at="2025-01-13T15:41:03 IST" duration-ms="5010" status="PASS">
          <params>
            <param index="0">
              <value>
                <![CDATA[[TestResult name=go_contact_page status=SUCCESS method=Industries_Page_Test.go_contact_page()[pri:1, instance:com.nickelfox.testcases.Industries_Page_Test@169e6180] output={null}]]]>
              </value>
            </param>
          </params>
          <reporter-output>
          </reporter-output>
        </test-method> <!-- tearDown -->
      </class> <!-- com.nickelfox.testcases.Industries_Page_Test -->
      <class name="com.nickelfox.testcases.Career_Page_Test">
        <test-method is-config="true" signature="beforeMethod()[pri:0, instance:com.nickelfox.testcases.Career_Page_Test@2b91004a]" started-at="2025-01-13T15:36:06 IST" name="beforeMethod" finished-at="2025-01-13T15:36:25 IST" duration-ms="18155" status="PASS">
          <reporter-output>
          </reporter-output>
        </test-method> <!-- beforeMethod -->
        <test-method signature="Test_Career_Form()[pri:1, instance:com.nickelfox.testcases.Career_Page_Test@2b91004a]" started-at="2025-01-13T15:36:25 IST" name="Test_Career_Form" finished-at="2025-01-13T15:37:30 IST" duration-ms="65337" status="PASS">
          <reporter-output>
          </reporter-output>
        </test-method> <!-- Test_Career_Form -->
        <test-method is-config="true" signature="tearDown(org.testng.ITestResult)[pri:0, instance:com.nickelfox.testcases.Career_Page_Test@2b91004a]" started-at="2025-01-13T15:37:30 IST" name="tearDown" finished-at="2025-01-13T15:37:35 IST" duration-ms="5013" status="PASS">
          <params>
            <param index="0">
              <value>
                <![CDATA[[TestResult name=Test_Career_Form status=SUCCESS method=Career_Page_Test.Test_Career_Form()[pri:1, instance:com.nickelfox.testcases.Career_Page_Test@2b91004a] output={null}]]]>
              </value>
            </param>
          </params>
          <reporter-output>
          </reporter-output>
        </test-method> <!-- tearDown -->
      </class> <!-- com.nickelfox.testcases.Career_Page_Test -->
      <class name="com.nickelfox.testcases.Contact_With_Us_Page_Test">
        <test-method is-config="true" signature="beforeMethod()[pri:0, instance:com.nickelfox.testcases.Contact_With_Us_Page_Test@2fb3536e]" started-at="2025-01-13T15:38:44 IST" name="beforeMethod" finished-at="2025-01-13T15:39:03 IST" duration-ms="19186" status="PASS">
          <reporter-output>
          </reporter-output>
        </test-method> <!-- beforeMethod -->
        <test-method signature="verifyContactFormSubmission()[pri:1, instance:com.nickelfox.testcases.Contact_With_Us_Page_Test@2fb3536e]" started-at="2025-01-13T15:39:03 IST" name="verifyContactFormSubmission" finished-at="2025-01-13T15:39:40 IST" duration-ms="37453" status="PASS">
          <reporter-output>
          </reporter-output>
        </test-method> <!-- verifyContactFormSubmission -->
        <test-method is-config="true" signature="tearDown(org.testng.ITestResult)[pri:0, instance:com.nickelfox.testcases.Contact_With_Us_Page_Test@2fb3536e]" started-at="2025-01-13T15:39:40 IST" name="tearDown" finished-at="2025-01-13T15:39:45 IST" duration-ms="5009" status="PASS">
          <params>
            <param index="0">
              <value>
                <![CDATA[[TestResult name=verifyContactFormSubmission status=SUCCESS method=Contact_With_Us_Page_Test.verifyContactFormSubmission()[pri:1, instance:com.nickelfox.testcases.Contact_With_Us_Page_Test@2fb3536e] output={null}]]]>
              </value>
            </param>
          </params>
          <reporter-output>
          </reporter-output>
        </test-method> <!-- tearDown -->
      </class> <!-- com.nickelfox.testcases.Contact_With_Us_Page_Test -->
      <class name="com.nickelfox.testcases.Blog_Page_Test">
        <test-method is-config="true" signature="beforeMethod()[pri:0, instance:com.nickelfox.testcases.Blog_Page_Test@56cdfb3b]" started-at="2025-01-13T15:35:35 IST" name="beforeMethod" finished-at="2025-01-13T15:35:54 IST" duration-ms="18966" status="PASS">
          <reporter-output>
          </reporter-output>
        </test-method> <!-- beforeMethod -->
        <test-method signature="blogTest()[pri:0, instance:com.nickelfox.testcases.Blog_Page_Test@56cdfb3b]" started-at="2025-01-13T15:35:54 IST" name="blogTest" finished-at="2025-01-13T15:36:01 IST" duration-ms="7541" status="PASS">
          <reporter-output>
          </reporter-output>
        </test-method> <!-- blogTest -->
        <test-method is-config="true" signature="tearDown(org.testng.ITestResult)[pri:0, instance:com.nickelfox.testcases.Blog_Page_Test@56cdfb3b]" started-at="2025-01-13T15:36:01 IST" name="tearDown" finished-at="2025-01-13T15:36:06 IST" duration-ms="5005" status="PASS">
          <params>
            <param index="0">
              <value>
                <![CDATA[[TestResult name=blogTest status=SUCCESS method=Blog_Page_Test.blogTest()[pri:0, instance:com.nickelfox.testcases.Blog_Page_Test@56cdfb3b] output={null}]]]>
              </value>
            </param>
          </params>
          <reporter-output>
          </reporter-output>
        </test-method> <!-- tearDown -->
      </class> <!-- com.nickelfox.testcases.Blog_Page_Test -->
      <class name="com.nickelfox.testcases.Live_Chat_Test">
        <test-method is-config="true" signature="beforeMethod()[pri:0, instance:com.nickelfox.testcases.Live_Chat_Test@35aea049]" started-at="2025-01-13T15:41:03 IST" name="beforeMethod" finished-at="2025-01-13T15:41:08 IST" duration-ms="5141" status="PASS">
          <reporter-output>
          </reporter-output>
        </test-method> <!-- beforeMethod -->
        <test-method signature="test()[pri:1, instance:com.nickelfox.testcases.Live_Chat_Test@35aea049]" started-at="2025-01-13T15:41:08 IST" name="test" finished-at="2025-01-13T15:41:31 IST" duration-ms="23204" status="FAIL">
          <exception class="org.openqa.selenium.json.JsonException">
            <message>
              <![CDATA[java.lang.reflect.InvocationTargetException
Build info: version: '4.27.0', revision: 'd6e718d134'
System info: os.name: 'Windows 11', os.arch: 'amd64', os.version: '10.0', java.version: '21.0.4'
Driver info: org.openqa.selenium.chrome.ChromeDriver
Command: [0c40c60be473e08610e0c884b37b398a, actions {actions=[org.openqa.selenium.interactions.Sequence@552cede7]}]
Capabilities {acceptInsecureCerts: false, browserName: chrome, browserVersion: 131.0.6778.205, chrome: {chromedriverVersion: 131.0.6778.264 (2d05e315153..., userDataDir: C:\Users\PRASHA~1\AppData\L...}, fedcm:accounts: true, goog:chromeOptions: {debuggerAddress: localhost:60705}, networkConnectionEnabled: false, pageLoadStrategy: normal, platformName: windows, proxy: Proxy(), se:cdp: ws://localhost:60705/devtoo..., se:cdpVersion: 131.0.6778.205, setWindowRect: true, strictFileInteractability: false, timeouts: {implicit: 0, pageLoad: 300000, script: 30000}, unhandledPromptBehavior: dismiss and notify, webauthn:extension:credBlob: true, webauthn:extension:largeBlob: true, webauthn:extension:minPinLength: true, webauthn:extension:prf: true, webauthn:virtualAuthenticators: true}
Session ID: 0c40c60be473e08610e0c884b37b398a]]>
            </message>
            <full-stacktrace>
              <![CDATA[org.openqa.selenium.json.JsonException: java.lang.reflect.InvocationTargetException
Build info: version: '4.27.0', revision: 'd6e718d134'
System info: os.name: 'Windows 11', os.arch: 'amd64', os.version: '10.0', java.version: '21.0.4'
Driver info: org.openqa.selenium.chrome.ChromeDriver
Command: [0c40c60be473e08610e0c884b37b398a, actions {actions=[org.openqa.selenium.interactions.Sequence@552cede7]}]
Capabilities {acceptInsecureCerts: false, browserName: chrome, browserVersion: 131.0.6778.205, chrome: {chromedriverVersion: 131.0.6778.264 (2d05e315153..., userDataDir: C:\Users\PRASHA~1\AppData\L...}, fedcm:accounts: true, goog:chromeOptions: {debuggerAddress: localhost:60705}, networkConnectionEnabled: false, pageLoadStrategy: normal, platformName: windows, proxy: Proxy(), se:cdp: ws://localhost:60705/devtoo..., se:cdpVersion: 131.0.6778.205, setWindowRect: true, strictFileInteractability: false, timeouts: {implicit: 0, pageLoad: 300000, script: 30000}, unhandledPromptBehavior: dismiss and notify, webauthn:extension:credBlob: true, webauthn:extension:largeBlob: true, webauthn:extension:minPinLength: true, webauthn:extension:prf: true, webauthn:virtualAuthenticators: true}
Session ID: 0c40c60be473e08610e0c884b37b398a
at org.openqa.selenium.json.JsonOutput.convertUsingMethod(JsonOutput.java:520)
at org.openqa.selenium.json.JsonOutput.lambda$new$16(JsonOutput.java:182)
at org.openqa.selenium.json.JsonOutput.write0(JsonOutput.java:409)
at org.openqa.selenium.json.JsonOutput.lambda$new$22(JsonOutput.java:204)
at java.base/java.util.stream.ForEachOps$ForEachOp$OfRef.accept(ForEachOps.java:184)
at java.base/java.util.stream.ReferencePipeline$2$1.accept(ReferencePipeline.java:179)
at java.base/java.util.Iterator.forEachRemaining(Iterator.java:133)
at java.base/java.util.Spliterators$IteratorSpliterator.forEachRemaining(Spliterators.java:1939)
at java.base/java.util.stream.AbstractPipeline.copyInto(AbstractPipeline.java:509)
at java.base/java.util.stream.AbstractPipeline.wrapAndCopyInto(AbstractPipeline.java:499)
at java.base/java.util.stream.ForEachOps$ForEachOp.evaluateSequential(ForEachOps.java:151)
at java.base/java.util.stream.ForEachOps$ForEachOp$OfRef.evaluateSequential(ForEachOps.java:174)
at java.base/java.util.stream.AbstractPipeline.evaluate(AbstractPipeline.java:234)
at java.base/java.util.stream.ReferencePipeline.forEach(ReferencePipeline.java:596)
at org.openqa.selenium.json.JsonOutput.lambda$new$23(JsonOutput.java:204)
at org.openqa.selenium.json.JsonOutput.write0(JsonOutput.java:409)
at org.openqa.selenium.json.JsonOutput.lambda$new$24(JsonOutput.java:222)
at java.base/java.util.Map.forEach(Map.java:733)
at org.openqa.selenium.json.JsonOutput.lambda$new$25(JsonOutput.java:217)
at org.openqa.selenium.json.JsonOutput.write0(JsonOutput.java:409)
at org.openqa.selenium.json.JsonOutput.write(JsonOutput.java:400)
at org.openqa.selenium.json.Json.toJson(Json.java:133)
at org.openqa.selenium.json.Json.toJson(Json.java:119)
at org.openqa.selenium.remote.codec.AbstractHttpCommandCodec.encode(AbstractHttpCommandCodec.java:245)
at org.openqa.selenium.remote.codec.AbstractHttpCommandCodec.encode(AbstractHttpCommandCodec.java:111)
at org.openqa.selenium.remote.HttpCommandExecutor.execute(HttpCommandExecutor.java:178)
at org.openqa.selenium.remote.service.DriverCommandExecutor.invokeExecute(DriverCommandExecutor.java:216)
at org.openqa.selenium.remote.service.DriverCommandExecutor.execute(DriverCommandExecutor.java:174)
at org.openqa.selenium.remote.RemoteWebDriver.execute(RemoteWebDriver.java:545)
at org.openqa.selenium.remote.RemoteWebDriver.perform(RemoteWebDriver.java:631)
at org.openqa.selenium.interactions.Actions$BuiltAction.perform(Actions.java:613)
at org.openqa.selenium.interactions.Actions.perform(Actions.java:578)
at com.nickelfox.pages.Open_Live_Chat.Move_To_Open_Live_Chat(Open_Live_Chat.java:51)
at com.nickelfox.testcases.Live_Chat_Test.test(Live_Chat_Test.java:24)
at java.base/jdk.internal.reflect.DirectMethodHandleAccessor.invoke(DirectMethodHandleAccessor.java:103)
at java.base/java.lang.reflect.Method.invoke(Method.java:580)
at org.testng.internal.MethodInvocationHelper.invokeMethod(MethodInvocationHelper.java:133)
at org.testng.internal.TestInvoker.invokeMethod(TestInvoker.java:598)
at org.testng.internal.TestInvoker.invokeTestMethod(TestInvoker.java:173)
at org.testng.internal.MethodRunner.runInSequence(MethodRunner.java:46)
at org.testng.internal.TestInvoker$MethodInvocationAgent.invoke(TestInvoker.java:824)
at org.testng.internal.TestInvoker.invokeTestMethods(TestInvoker.java:146)
at org.testng.internal.TestMethodWorker.invokeTestMethods(TestMethodWorker.java:146)
at org.testng.internal.TestMethodWorker.run(TestMethodWorker.java:128)
at java.base/java.util.ArrayList.forEach(ArrayList.java:1596)
at org.testng.TestRunner.privateRun(TestRunner.java:794)
at org.testng.TestRunner.run(TestRunner.java:596)
at org.testng.SuiteRunner.runTest(SuiteRunner.java:377)
at org.testng.SuiteRunner.runSequentially(SuiteRunner.java:371)
at org.testng.SuiteRunner.privateRun(SuiteRunner.java:332)
at org.testng.SuiteRunner.run(SuiteRunner.java:276)
at org.testng.SuiteRunnerWorker.runSuite(SuiteRunnerWorker.java:53)
at org.testng.SuiteRunnerWorker.run(SuiteRunnerWorker.java:96)
at org.testng.TestNG.runSuitesSequentially(TestNG.java:1212)
at org.testng.TestNG.runSuitesLocally(TestNG.java:1134)
at org.testng.TestNG.runSuites(TestNG.java:1063)
at org.testng.TestNG.run(TestNG.java:1031)
at org.apache.maven.surefire.testng.TestNGExecutor.run(TestNGExecutor.java:284)
at org.apache.maven.surefire.testng.TestNGXmlTestSuite.execute(TestNGXmlTestSuite.java:75)
at org.apache.maven.surefire.testng.TestNGProvider.invoke(TestNGProvider.java:119)
at org.apache.maven.surefire.booter.ForkedBooter.runSuitesInProcess(ForkedBooter.java:428)
at org.apache.maven.surefire.booter.ForkedBooter.execute(ForkedBooter.java:162)
at org.apache.maven.surefire.booter.ForkedBooter.run(ForkedBooter.java:562)
at org.apache.maven.surefire.booter.ForkedBooter.main(ForkedBooter.java:548)
Suppressed: org.openqa.selenium.json.JsonException: Attempting to close incomplete json stream
Build info: version: '4.27.0', revision: 'd6e718d134'
System info: os.name: 'Windows 11', os.arch: 'amd64', os.version: '10.0', java.version: '21.0.4'
Driver info: driver.version: RemoteWebDriver
at org.openqa.selenium.json.JsonOutput.close(JsonOutput.java:431)
at org.openqa.selenium.json.Json.toJson(Json.java:131)
... 42 more
Caused by: java.lang.reflect.InvocationTargetException
at java.base/jdk.internal.reflect.DirectMethodHandleAccessor.invoke(DirectMethodHandleAccessor.java:118)
at java.base/java.lang.reflect.Method.invoke(Method.java:580)
at org.openqa.selenium.json.JsonOutput.convertUsingMethod(JsonOutput.java:516)
... 63 more
Caused by: org.openqa.selenium.NoSuchElementException: no such element: Unable to locate element: {"method":"xpath","selector":"//div[normalize-space()='Design & Development Services']"}
  (Session info: chrome=131.0.6778.205)
For documentation on this error, please visit: https://www.selenium.dev/documentation/webdriver/troubleshooting/errors#no-such-element-exception
Build info: version: '4.27.0', revision: 'd6e718d134'
System info: os.name: 'Windows 11', os.arch: 'amd64', os.version: '10.0', java.version: '21.0.4'
Driver info: org.openqa.selenium.chrome.ChromeDriver
Command: [0c40c60be473e08610e0c884b37b398a, findElement {using=xpath, value=//div[normalize-space()='Design & Development Services']}]
Capabilities {acceptInsecureCerts: false, browserName: chrome, browserVersion: 131.0.6778.205, chrome: {chromedriverVersion: 131.0.6778.264 (2d05e315153..., userDataDir: C:\Users\PRASHA~1\AppData\L...}, fedcm:accounts: true, goog:chromeOptions: {debuggerAddress: localhost:60705}, networkConnectionEnabled: false, pageLoadStrategy: normal, platformName: windows, proxy: Proxy(), se:cdp: ws://localhost:60705/devtoo..., se:cdpVersion: 131.0.6778.205, setWindowRect: true, strictFileInteractability: false, timeouts: {implicit: 0, pageLoad: 300000, script: 30000}, unhandledPromptBehavior: dismiss and notify, webauthn:extension:credBlob: true, webauthn:extension:largeBlob: true, webauthn:extension:minPinLength: true, webauthn:extension:prf: true, webauthn:virtualAuthenticators: true}
Session ID: 0c40c60be473e08610e0c884b37b398a
at java.base/jdk.internal.reflect.DirectConstructorHandleAccessor.newInstance(DirectConstructorHandleAccessor.java:62)
at java.base/java.lang.reflect.Constructor.newInstanceWithCaller(Constructor.java:502)
at java.base/java.lang.reflect.Constructor.newInstance(Constructor.java:486)
at org.openqa.selenium.remote.ErrorCodec.decode(ErrorCodec.java:167)
at org.openqa.selenium.remote.codec.w3c.W3CHttpResponseCodec.decode(W3CHttpResponseCodec.java:138)
at org.openqa.selenium.remote.codec.w3c.W3CHttpResponseCodec.decode(W3CHttpResponseCodec.java:50)
at org.openqa.selenium.remote.HttpCommandExecutor.execute(HttpCommandExecutor.java:190)
at org.openqa.selenium.remote.service.DriverCommandExecutor.invokeExecute(DriverCommandExecutor.java:216)
at org.openqa.selenium.remote.service.DriverCommandExecutor.execute(DriverCommandExecutor.java:174)
at org.openqa.selenium.remote.RemoteWebDriver.execute(RemoteWebDriver.java:545)
at org.openqa.selenium.remote.ElementLocation$ElementFinder$2.findElement(ElementLocation.java:165)
at org.openqa.selenium.remote.ElementLocation.findElement(ElementLocation.java:59)
at org.openqa.selenium.remote.RemoteWebDriver.findElement(RemoteWebDriver.java:368)
at org.openqa.selenium.remote.RemoteWebDriver.findElement(RemoteWebDriver.java:362)
at org.openqa.selenium.support.pagefactory.DefaultElementLocator.findElement(DefaultElementLocator.java:68)
at org.openqa.selenium.support.pagefactory.internal.LocatingElementHandler.invoke(LocatingElementHandler.java:38)
at jdk.proxy2/jdk.proxy2.$Proxy13.getWrappedElement(Unknown Source)
at org.openqa.selenium.interactions.PointerInput$Origin.asArg(PointerInput.java:259)
at org.openqa.selenium.interactions.PointerInput$Move.encode(PointerInput.java:208)
at org.openqa.selenium.interactions.Sequence.encode(Sequence.java:72)
at org.openqa.selenium.interactions.Sequence.toJson(Sequence.java:81)
at java.base/jdk.internal.reflect.DirectMethodHandleAccessor.invoke(DirectMethodHandleAccessor.java:103)
... 65 more
]]>
            </full-stacktrace>
          </exception> <!-- org.openqa.selenium.json.JsonException -->
          <reporter-output>
          </reporter-output>
        </test-method> <!-- test -->
        <test-method is-config="true" signature="tearDown(org.testng.ITestResult)[pri:0, instance:com.nickelfox.testcases.Live_Chat_Test@35aea049]" started-at="2025-01-13T15:41:31 IST" name="tearDown" finished-at="2025-01-13T15:41:36 IST" duration-ms="5353" status="PASS">
          <params>
            <param index="0">
              <value>
                <![CDATA[[TestResult name=test status=FAILURE method=Live_Chat_Test.test()[pri:1, instance:com.nickelfox.testcases.Live_Chat_Test@35aea049] output={null}]]]>
              </value>
            </param>
          </params>
          <reporter-output>
          </reporter-output>
        </test-method> <!-- tearDown -->
      </class> <!-- com.nickelfox.testcases.Live_Chat_Test -->
      <class name="com.nickelfox.testcases.About_Test_case">
        <test-method is-config="true" signature="beforeMethod()[pri:0, instance:com.nickelfox.testcases.About_Test_case@3fb1549b]" started-at="2025-01-13T15:34:20 IST" name="beforeMethod" finished-at="2025-01-13T15:34:43 IST" duration-ms="22624" status="PASS">
          <reporter-output>
          </reporter-output>
        </test-method> <!-- beforeMethod -->
        <test-method signature="verifyContactFormSubmissionAboutPage()[pri:1, instance:com.nickelfox.testcases.About_Test_case@3fb1549b]" started-at="2025-01-13T15:34:43 IST" name="verifyContactFormSubmissionAboutPage" finished-at="2025-01-13T15:35:30 IST" duration-ms="47307" status="PASS">
          <reporter-output>
          </reporter-output>
        </test-method> <!-- verifyContactFormSubmissionAboutPage -->
        <test-method is-config="true" signature="tearDown(org.testng.ITestResult)[pri:0, instance:com.nickelfox.testcases.About_Test_case@3fb1549b]" started-at="2025-01-13T15:35:30 IST" name="tearDown" finished-at="2025-01-13T15:35:35 IST" duration-ms="5016" status="PASS">
          <params>
            <param index="0">
              <value>
                <![CDATA[[TestResult name=verifyContactFormSubmissionAboutPage status=SUCCESS method=About_Test_case.verifyContactFormSubmissionAboutPage()[pri:1, instance:com.nickelfox.testcases.About_Test_case@3fb1549b] output={null}]]]>
              </value>
            </param>
          </params>
          <reporter-output>
          </reporter-output>
        </test-method> <!-- tearDown -->
      </class> <!-- com.nickelfox.testcases.About_Test_case -->
      <class name="com.nickelfox.testcases.Contact_Page_Test">
        <test-method is-config="true" signature="beforeMethod()[pri:0, instance:com.nickelfox.testcases.Contact_Page_Test@20ccf40b]" started-at="2025-01-13T15:37:35 IST" name="beforeMethod" finished-at="2025-01-13T15:37:54 IST" duration-ms="19082" status="PASS">
          <reporter-output>
          </reporter-output>
        </test-method> <!-- beforeMethod -->
        <test-method signature="go_contact_page()[pri:1, instance:com.nickelfox.testcases.Contact_Page_Test@20ccf40b]" started-at="2025-01-13T15:37:54 IST" name="go_contact_page" finished-at="2025-01-13T15:38:39 IST" duration-ms="44651" status="PASS">
          <reporter-output>
          </reporter-output>
        </test-method> <!-- go_contact_page -->
        <test-method is-config="true" signature="tearDown(org.testng.ITestResult)[pri:0, instance:com.nickelfox.testcases.Contact_Page_Test@20ccf40b]" started-at="2025-01-13T15:38:39 IST" name="tearDown" finished-at="2025-01-13T15:38:44 IST" duration-ms="5001" status="PASS">
          <params>
            <param index="0">
              <value>
                <![CDATA[[TestResult name=go_contact_page status=SUCCESS method=Contact_Page_Test.go_contact_page()[pri:1, instance:com.nickelfox.testcases.Contact_Page_Test@20ccf40b] output={null}]]]>
              </value>
            </param>
          </params>
          <reporter-output>
          </reporter-output>
        </test-method> <!-- tearDown -->
      </class> <!-- com.nickelfox.testcases.Contact_Page_Test -->
    </test> <!-- Test -->
  </suite> <!-- Suite -->
</testng-results>
